Started GET "/" for ::1 at 2023-04-27 22:14:37 +0900
Processing by ApplicationController#hello as HTML
  Rendering html template
  Rendered html template (Duration: 0.1ms | Allocations: 20)
Completed 200 OK in 104ms (Views: 59.0ms | ActiveRecord: 0.0ms | Allocations: 3732)


Started GET "/" for ::1 at 2023-04-27 23:19:30 +0900
Processing by ApplicationController#hello as HTML
  Rendering html template
  Rendered html template (Duration: 0.3ms | Allocations: 7)
Completed 200 OK in 22ms (Views: 10.9ms | Allocations: 242)


Started GET "/users" for ::1 at 2023-04-27 23:19:41 +0900
  
ActionController::RoutingError (No route matches [GET] "/users"):
  
  [1m[35m (12.9ms)[0m  [1m[35mCREATE TABLE "schema_migrations" ("version" varchar NOT NULL PRIMARY KEY)[0m
  [1m[35m (4.0ms)[0m  [1m[35mCREATE TABLE "ar_internal_metadata" ("key" varchar NOT NULL PRIMARY KEY, "value" varchar, "created_at" datetime(6) NOT NULL, "updated_at" datetime(6) NOT NULL)[0m
  [1m[36mActiveRecord::InternalMetadata Load (0.3ms)[0m  [1m[34mSELECT "ar_internal_metadata".* FROM "ar_internal_metadata" WHERE "ar_internal_metadata"."key" = ? LIMIT ?[0m  [["key", "environment"], ["LIMIT", 1]]
  [1m[36mTRANSACTION (0.1ms)[0m  [1m[36mbegin transaction[0m
  [1m[36mActiveRecord::InternalMetadata Create (1.0ms)[0m  [1m[32mINSERT INTO "ar_internal_metadata" ("key", "value", "created_at", "updated_at") VALUES (?, ?, ?, ?)[0m  [["key", "environment"], ["value", "development"], ["created_at", "2023-04-27 14:22:33.699272"], ["updated_at", "2023-04-27 14:22:33.699272"]]
  [1m[36mTRANSACTION (3.6ms)[0m  [1m[36mcommit transaction[0m
  [1m[36mActiveRecord::SchemaMigration Pluck (0.2ms)[0m  [1m[34mSELECT "schema_migrations"."version" FROM "schema_migrations" ORDER BY "schema_migrations"."version" ASC[0m
Started GET "/users" for ::1 at 2023-04-27 23:24:36 +0900
  [1m[36mActiveRecord::SchemaMigration Pluck (0.5ms)[0m  [1m[34mSELECT "schema_migrations"."version" FROM "schema_migrations" ORDER BY "schema_migrations"."version" ASC[0m
  
ActionController::RoutingError (No route matches [GET] "/users"):
  
Started GET "/" for ::1 at 2023-04-27 23:24:54 +0900
Processing by ApplicationController#hello as HTML
  Rendering html template
  Rendered html template (Duration: 0.1ms | Allocations: 15)
Completed 200 OK in 39ms (Views: 11.1ms | ActiveRecord: 0.0ms | Allocations: 2051)


Started GET "/users" for ::1 at 2023-04-27 23:26:24 +0900
  
ActionController::RoutingError (No route matches [GET] "/users"):
  
  [1m[36mActiveRecord::SchemaMigration Pluck (0.3ms)[0m  [1m[34mSELECT "schema_migrations"."version" FROM "schema_migrations" ORDER BY "schema_migrations"."version" ASC[0m
Migrating to CreateUsers (20230427144043)
  [1m[36mTRANSACTION (0.1ms)[0m  [1m[36mbegin transaction[0m
  [1m[35m (1.4ms)[0m  [1m[35mCREATE TABLE "users" ("id" integer PRIMARY KEY AUTOINCREMENT NOT NULL, "name" varchar, "email" varchar, "created_at" datetime(6) NOT NULL, "updated_at" datetime(6) NOT NULL)[0m
  [1m[36mActiveRecord::SchemaMigration Create (0.3ms)[0m  [1m[32mINSERT INTO "schema_migrations" ("version") VALUES (?)[0m  [["version", "20230427144043"]]
  [1m[36mTRANSACTION (4.2ms)[0m  [1m[36mcommit transaction[0m
  [1m[36mActiveRecord::InternalMetadata Load (0.4ms)[0m  [1m[34mSELECT "ar_internal_metadata".* FROM "ar_internal_metadata" WHERE "ar_internal_metadata"."key" = ? LIMIT ?[0m  [["key", "environment"], ["LIMIT", 1]]
  [1m[36mActiveRecord::SchemaMigration Pluck (0.3ms)[0m  [1m[34mSELECT "schema_migrations"."version" FROM "schema_migrations" ORDER BY "schema_migrations"."version" ASC[0m
Started GET "/users" for ::1 at 2023-04-27 23:42:33 +0900
  [1m[36mActiveRecord::SchemaMigration Pluck (0.3ms)[0m  [1m[34mSELECT "schema_migrations"."version" FROM "schema_migrations" ORDER BY "schema_migrations"."version" ASC[0m
Processing by UsersController#index as HTML
  Rendering layout layouts/application.html.erb
  Rendering users/index.html.erb within layouts/application
  [1m[36mUser Load (0.3ms)[0m  [1m[34mSELECT "users".* FROM "users"[0m
  ↳ app/views/users/index.html.erb:6
  Rendered users/index.html.erb within layouts/application (Duration: 20.2ms | Allocations: 1685)
  Rendered layout layouts/application.html.erb (Duration: 1012.6ms | Allocations: 96705)
Completed 200 OK in 1165ms (Views: 1061.5ms | ActiveRecord: 0.3ms | Allocations: 101259)


Started GET "/users/new" for ::1 at 2023-04-27 23:43:04 +0900
Processing by UsersController#new as HTML
  Rendering layout layouts/application.html.erb
  Rendering users/new.html.erb within layouts/application
  Rendered users/_form.html.erb (Duration: 115.5ms | Allocations: 4896)
  Rendered users/new.html.erb within layouts/application (Duration: 118.8ms | Allocations: 5250)
  Rendered layout layouts/application.html.erb (Duration: 142.8ms | Allocations: 7673)
Completed 200 OK in 523ms (Views: 144.0ms | ActiveRecord: 1.3ms | Allocations: 17467)


Started POST "/users" for ::1 at 2023-04-27 23:43:43 +0900
Processing by UsersController#create as TURBO_STREAM
  Parameters: {"authenticity_token"=>"[FILTERED]", "user"=>{"name"=>"Makoto", "email"=>"sanhinaki@gmail.com"}, "commit"=>"Create User"}
  [1m[36mTRANSACTION (0.1ms)[0m  [1m[36mbegin transaction[0m
  ↳ app/controllers/users_controller.rb:27:in `block in create'
  [1m[36mUser Create (6.7ms)[0m  [1m[32mINSERT INTO "users" ("name", "email", "created_at", "updated_at") VALUES (?, ?, ?, ?)[0m  [["name", "Makoto"], ["email", "sanhinaki@gmail.com"], ["created_at", "2023-04-27 14:43:43.839290"], ["updated_at", "2023-04-27 14:43:43.839290"]]
  ↳ app/controllers/users_controller.rb:27:in `block in create'
  [1m[36mTRANSACTION (3.3ms)[0m  [1m[36mcommit transaction[0m
  ↳ app/controllers/users_controller.rb:27:in `block in create'
Redirected to http://localhost:3000/users/1
Completed 302 Found in 39ms (ActiveRecord: 10.0ms | Allocations: 3865)


Started GET "/users/1" for ::1 at 2023-04-27 23:43:43 +0900
Processing by UsersController#show as TURBO_STREAM
  Parameters: {"id"=>"1"}
  [1m[36mUser Load (0.4ms)[0m  [1m[34mSELECT "users".* FROM "users" WHERE "users"."id" = ? LIMIT ?[0m  [["id", 1], ["LIMIT", 1]]
  ↳ app/controllers/users_controller.rb:63:in `set_user'
  Rendering layout layouts/application.html.erb
  Rendering users/show.html.erb within layouts/application
  Rendered users/_user.html.erb (Duration: 1.2ms | Allocations: 227)
  Rendered users/show.html.erb within layouts/application (Duration: 54.3ms | Allocations: 1683)
  Rendered layout layouts/application.html.erb (Duration: 106.0ms | Allocations: 4089)
Completed 200 OK in 154ms (Views: 108.1ms | ActiveRecord: 0.4ms | Allocations: 6937)


  [1m[36mActiveRecord::SchemaMigration Pluck (0.3ms)[0m  [1m[34mSELECT "schema_migrations"."version" FROM "schema_migrations" ORDER BY "schema_migrations"."version" ASC[0m
Migrating to CreateMicroposts (20230427145112)
  [1m[36mTRANSACTION (0.2ms)[0m  [1m[36mbegin transaction[0m
  [1m[35m (1.2ms)[0m  [1m[35mCREATE TABLE "microposts" ("id" integer PRIMARY KEY AUTOINCREMENT NOT NULL, "content" text, "user_id" integer, "created_at" datetime(6) NOT NULL, "updated_at" datetime(6) NOT NULL)[0m
  [1m[36mActiveRecord::SchemaMigration Create (0.3ms)[0m  [1m[32mINSERT INTO "schema_migrations" ("version") VALUES (?)[0m  [["version", "20230427145112"]]
  [1m[36mTRANSACTION (4.5ms)[0m  [1m[36mcommit transaction[0m
  [1m[36mActiveRecord::InternalMetadata Load (0.4ms)[0m  [1m[34mSELECT "ar_internal_metadata".* FROM "ar_internal_metadata" WHERE "ar_internal_metadata"."key" = ? LIMIT ?[0m  [["key", "environment"], ["LIMIT", 1]]
  [1m[36mActiveRecord::SchemaMigration Pluck (0.3ms)[0m  [1m[34mSELECT "schema_migrations"."version" FROM "schema_migrations" ORDER BY "schema_migrations"."version" ASC[0m
Started GET "/microposts/new" for ::1 at 2023-04-27 23:55:28 +0900
  [1m[36mActiveRecord::SchemaMigration Pluck (0.3ms)[0m  [1m[34mSELECT "schema_migrations"."version" FROM "schema_migrations" ORDER BY "schema_migrations"."version" ASC[0m
Processing by MicropostsController#new as HTML
  Rendering layout layouts/application.html.erb
  Rendering microposts/new.html.erb within layouts/application
  Rendered microposts/_form.html.erb (Duration: 150.3ms | Allocations: 4047)
  Rendered microposts/new.html.erb within layouts/application (Duration: 170.0ms | Allocations: 4696)
  Rendered layout layouts/application.html.erb (Duration: 501.7ms | Allocations: 40707)
Completed 200 OK in 693ms (Views: 555.6ms | ActiveRecord: 1.7ms | Allocations: 49562)


Started GET "/microposts" for ::1 at 2023-04-27 23:56:47 +0900
Processing by MicropostsController#index as HTML
  Rendering layout layouts/application.html.erb
  Rendering microposts/index.html.erb within layouts/application
  [1m[36mMicropost Load (0.3ms)[0m  [1m[34mSELECT "microposts".* FROM "microposts"[0m
  ↳ app/views/microposts/index.html.erb:6
  Rendered microposts/index.html.erb within layouts/application (Duration: 5.4ms | Allocations: 1300)
  Rendered layout layouts/application.html.erb (Duration: 29.1ms | Allocations: 3715)
Completed 200 OK in 41ms (Views: 32.9ms | ActiveRecord: 0.3ms | Allocations: 4249)


Started GET "/microposts/new" for ::1 at 2023-04-27 23:56:50 +0900
Processing by MicropostsController#new as HTML
  Rendering layout layouts/application.html.erb
  Rendering microposts/new.html.erb within layouts/application
  Rendered microposts/_form.html.erb (Duration: 2.4ms | Allocations: 1045)
  Rendered microposts/new.html.erb within layouts/application (Duration: 3.2ms | Allocations: 1136)
  Rendered layout layouts/application.html.erb (Duration: 27.7ms | Allocations: 3435)
Completed 200 OK in 42ms (Views: 31.6ms | ActiveRecord: 0.0ms | Allocations: 3743)


Started GET "/microposts" for ::1 at 2023-04-30 00:12:04 +0900
Processing by MicropostsController#index as HTML
  Rendering layout layouts/application.html.erb
  Rendering microposts/index.html.erb within layouts/application
  [1m[36mMicropost Load (0.3ms)[0m  [1m[34mSELECT "microposts".* FROM "microposts"[0m
  ↳ app/views/microposts/index.html.erb:6
  Rendered microposts/index.html.erb within layouts/application (Duration: 51.2ms | Allocations: 976)
  Rendered layout layouts/application.html.erb (Duration: 94.7ms | Allocations: 3268)
Completed 200 OK in 124ms (Views: 100.1ms | ActiveRecord: 6.1ms | Allocations: 3566)


Started GET "/microposts" for ::1 at 2023-04-30 00:12:06 +0900
Processing by MicropostsController#index as HTML
  Rendering layout layouts/application.html.erb
  Rendering microposts/index.html.erb within layouts/application
  [1m[36mMicropost Load (0.2ms)[0m  [1m[34mSELECT "microposts".* FROM "microposts"[0m
  ↳ app/views/microposts/index.html.erb:6
  Rendered microposts/index.html.erb within layouts/application (Duration: 22.3ms | Allocations: 807)
  Rendered layout layouts/application.html.erb (Duration: 41.8ms | Allocations: 3099)
Completed 200 OK in 49ms (Views: 43.3ms | ActiveRecord: 0.2ms | Allocations: 3397)


Started GET "/microposts/new" for ::1 at 2023-04-30 00:12:17 +0900
Processing by MicropostsController#new as HTML
  Rendering layout layouts/application.html.erb
  Rendering microposts/new.html.erb within layouts/application
  Rendered microposts/_form.html.erb (Duration: 5.9ms | Allocations: 994)
  Rendered microposts/new.html.erb within layouts/application (Duration: 6.7ms | Allocations: 1081)
  Rendered layout layouts/application.html.erb (Duration: 22.4ms | Allocations: 3371)
Completed 200 OK in 34ms (Views: 23.6ms | ActiveRecord: 0.0ms | Allocations: 3665)


Started GET "/microposts/new" for ::1 at 2023-04-30 00:12:26 +0900
Processing by MicropostsController#new as HTML
  Rendering layout layouts/application.html.erb
  Rendering microposts/new.html.erb within layouts/application
  Rendered microposts/_form.html.erb (Duration: 3.9ms | Allocations: 984)
  Rendered microposts/new.html.erb within layouts/application (Duration: 4.8ms | Allocations: 1071)
  Rendered layout layouts/application.html.erb (Duration: 26.9ms | Allocations: 3361)
Completed 200 OK in 32ms (Views: 28.0ms | ActiveRecord: 0.0ms | Allocations: 3653)


Started GET "/microposts" for ::1 at 2023-04-30 00:12:30 +0900
Processing by MicropostsController#index as HTML
  Rendering layout layouts/application.html.erb
  Rendering microposts/index.html.erb within layouts/application
  [1m[36mMicropost Load (0.2ms)[0m  [1m[34mSELECT "microposts".* FROM "microposts"[0m
  ↳ app/views/microposts/index.html.erb:6
  Rendered microposts/index.html.erb within layouts/application (Duration: 2.8ms | Allocations: 807)
  Rendered layout layouts/application.html.erb (Duration: 24.4ms | Allocations: 3097)
Completed 200 OK in 30ms (Views: 25.5ms | ActiveRecord: 0.2ms | Allocations: 3389)


Started GET "/microposts/new" for ::1 at 2023-04-30 00:18:12 +0900
Processing by MicropostsController#new as HTML
  Rendering layout layouts/application.html.erb
  Rendering microposts/new.html.erb within layouts/application
  Rendered microposts/_form.html.erb (Duration: 6.4ms | Allocations: 1244)
  Rendered microposts/new.html.erb within layouts/application (Duration: 10.4ms | Allocations: 1357)
  Rendered layout layouts/application.html.erb (Duration: 209.5ms | Allocations: 15708)
Completed 200 OK in 287ms (Views: 225.9ms | ActiveRecord: 2.8ms | Allocations: 19012)


Started POST "/microposts" for ::1 at 2023-04-30 00:20:19 +0900
Processing by MicropostsController#create as TURBO_STREAM
  Parameters: {"authenticity_token"=>"[FILTERED]", "micropost"=>{"content"=>"hjklllllllllllllllllllllllllllllllllllllllllllllllllllllllllllllllllllllllllll", "user_id"=>"0"}, "commit"=>"Create Micropost"}
  Rendering layout layouts/application.html.erb
  Rendering microposts/new.html.erb within layouts/application
  Rendered microposts/_form.html.erb (Duration: 7.5ms | Allocations: 1752)
  Rendered microposts/new.html.erb within layouts/application (Duration: 14.6ms | Allocations: 1847)
  Rendered layout layouts/application.html.erb (Duration: 39.2ms | Allocations: 4242)
Completed 422 Unprocessable Entity in 55ms (Views: 42.2ms | ActiveRecord: 0.0ms | Allocations: 5844)


Started GET "/microposts" for ::1 at 2023-04-30 00:20:29 +0900
Processing by MicropostsController#index as HTML
  Rendering layout layouts/application.html.erb
  Rendering microposts/index.html.erb within layouts/application
  [1m[36mMicropost Load (0.3ms)[0m  [1m[34mSELECT "microposts".* FROM "microposts"[0m
  ↳ app/views/microposts/index.html.erb:6
  Rendered microposts/index.html.erb within layouts/application (Duration: 3.4ms | Allocations: 937)
  Rendered layout layouts/application.html.erb (Duration: 30.5ms | Allocations: 3227)
Completed 200 OK in 36ms (Views: 31.4ms | ActiveRecord: 0.3ms | Allocations: 3577)


Started GET "/microposts/new" for ::1 at 2023-04-30 00:20:30 +0900
Processing by MicropostsController#new as HTML
  Rendering layout layouts/application.html.erb
  Rendering microposts/new.html.erb within layouts/application
  Rendered microposts/_form.html.erb (Duration: 1.8ms | Allocations: 987)
  Rendered microposts/new.html.erb within layouts/application (Duration: 2.4ms | Allocations: 1074)
  Rendered layout layouts/application.html.erb (Duration: 22.1ms | Allocations: 3364)
Completed 200 OK in 28ms (Views: 23.9ms | ActiveRecord: 0.0ms | Allocations: 3659)


  [1m[36mUser Load (0.4ms)[0m  [1m[34mSELECT "users".* FROM "users" ORDER BY "users"."id" ASC LIMIT ?[0m  [["LIMIT", 1]]
Started POST "/microposts" for ::1 at 2023-04-30 00:32:26 +0900
Processing by MicropostsController#create as TURBO_STREAM
  Parameters: {"authenticity_token"=>"[FILTERED]", "micropost"=>{"content"=>"K", "user_id"=>"1"}, "commit"=>"Create Micropost"}
  [1m[36mTRANSACTION (0.1ms)[0m  [1m[36mbegin transaction[0m
  ↳ app/controllers/microposts_controller.rb:27:in `block in create'
  [1m[36mMicropost Create (2.1ms)[0m  [1m[32mINSERT INTO "microposts" ("content", "user_id", "created_at", "updated_at") VALUES (?, ?, ?, ?)[0m  [["content", "K"], ["user_id", 1], ["created_at", "2023-04-29 15:32:26.930228"], ["updated_at", "2023-04-29 15:32:26.930228"]]
  ↳ app/controllers/microposts_controller.rb:27:in `block in create'
  [1m[36mTRANSACTION (4.1ms)[0m  [1m[36mcommit transaction[0m
  ↳ app/controllers/microposts_controller.rb:27:in `block in create'
Redirected to http://localhost:3000/microposts/1
Completed 302 Found in 44ms (ActiveRecord: 6.7ms | Allocations: 3573)


Started GET "/microposts/1" for ::1 at 2023-04-30 00:32:27 +0900
Processing by MicropostsController#show as TURBO_STREAM
  Parameters: {"id"=>"1"}
  [1m[36mMicropost Load (0.4ms)[0m  [1m[34mSELECT "microposts".* FROM "microposts" WHERE "microposts"."id" = ? LIMIT ?[0m  [["id", 1], ["LIMIT", 1]]
  ↳ app/controllers/microposts_controller.rb:63:in `set_micropost'
  Rendering layout layouts/application.html.erb
  Rendering microposts/show.html.erb within layouts/application
  Rendered microposts/_micropost.html.erb (Duration: 9.5ms | Allocations: 227)
  Rendered microposts/show.html.erb within layouts/application (Duration: 90.6ms | Allocations: 1611)
  Rendered layout layouts/application.html.erb (Duration: 119.5ms | Allocations: 4010)
Completed 200 OK in 1030ms (Views: 124.1ms | ActiveRecord: 0.4ms | Allocations: 11385)


Started GET "/microposts/1/edit" for ::1 at 2023-04-30 00:32:38 +0900
Processing by MicropostsController#edit as HTML
  Parameters: {"id"=>"1"}
  [1m[36mMicropost Load (0.3ms)[0m  [1m[34mSELECT "microposts".* FROM "microposts" WHERE "microposts"."id" = ? LIMIT ?[0m  [["id", 1], ["LIMIT", 1]]
  ↳ app/controllers/microposts_controller.rb:63:in `set_micropost'
  Rendering layout layouts/application.html.erb
  Rendering microposts/edit.html.erb within layouts/application
  Rendered microposts/_form.html.erb (Duration: 3.9ms | Allocations: 1178)
  Rendered microposts/edit.html.erb within layouts/application (Duration: 15.7ms | Allocations: 1455)
  Rendered layout layouts/application.html.erb (Duration: 42.5ms | Allocations: 3739)
Completed 200 OK in 57ms (Views: 44.1ms | ActiveRecord: 0.3ms | Allocations: 4629)


Started GET "/microposts/1" for ::1 at 2023-04-30 00:32:42 +0900
Processing by MicropostsController#show as HTML
  Parameters: {"id"=>"1"}
  [1m[36mMicropost Load (0.2ms)[0m  [1m[34mSELECT "microposts".* FROM "microposts" WHERE "microposts"."id" = ? LIMIT ?[0m  [["id", 1], ["LIMIT", 1]]
  ↳ app/controllers/microposts_controller.rb:63:in `set_micropost'
  Rendering layout layouts/application.html.erb
  Rendering microposts/show.html.erb within layouts/application
  Rendered microposts/_micropost.html.erb (Duration: 0.1ms | Allocations: 19)
  Rendered microposts/show.html.erb within layouts/application (Duration: 3.3ms | Allocations: 624)
  Rendered layout layouts/application.html.erb (Duration: 27.1ms | Allocations: 2906)
Completed 200 OK in 36ms (Views: 29.4ms | ActiveRecord: 0.2ms | Allocations: 3657)


Started GET "/microposts" for ::1 at 2023-04-30 00:32:58 +0900
Processing by MicropostsController#index as HTML
  Rendering layout layouts/application.html.erb
  Rendering microposts/index.html.erb within layouts/application
  [1m[36mMicropost Load (0.3ms)[0m  [1m[34mSELECT "microposts".* FROM "microposts"[0m
  ↳ app/views/microposts/index.html.erb:6
  Rendered microposts/_micropost.html.erb (Duration: 0.2ms | Allocations: 19)
  Rendered microposts/index.html.erb within layouts/application (Duration: 44.6ms | Allocations: 1003)
  Rendered layout layouts/application.html.erb (Duration: 103.0ms | Allocations: 3293)
Completed 200 OK in 151ms (Views: 130.1ms | ActiveRecord: 0.3ms | Allocations: 3587)


